# JRE version: OpenJDK Runtime Environment (17.0.2+8) (build 17.0.2+8-86)
# Java VM: OpenJDK 64-Bit Server VM (17.0.2+8-86, mixed mode, sharing, tiered, compressed oops, compressed class ptrs, g1 gc, windows-amd64)
GC Precious Log:
 CPUs: 8 total, 8 available
 Memory: 8151M
 Large Page Support: Disabled
 NUMA Support: Disabled
 Compressed Oops: Enabled (32-bit)
 Heap Region Size: 1M
 Heap Min Capacity: 8M
 Heap Initial Capacity: 128M
 Heap Max Capacity: 2038M
 Pre-touch: Disabled
 Parallel Workers: 8
 Concurrent Workers: 2
 Concurrent Refinement Workers: 8
 Periodic GC: Disabled
Heap:
 garbage-first heap   total 184320K, used 121682K [0x0000000080a00000, 0x0000000100000000)
  region size 1024K, 85 young (87040K), 10 survivors (10240K)
 Metaspace       used 59814K, committed 60288K, reserved 1105920K
  class space    used 7940K, committed 8128K, reserved 1048576K
GC Heap History (20 events):
Event: 4.606 GC heap after
{Heap after GC invocations=12 (full 0):
 garbage-first heap   total 51200K, used 22923K [0x0000000080a00000, 0x0000000100000000)
  region size 1024K, 3 young (3072K), 3 survivors (3072K)
 Metaspace       used 48854K, committed 49216K, reserved 1097728K
  class space    used 6603K, committed 6784K, reserved 1048576K
}
Event: 4.910 GC heap before
{Heap before GC invocations=12 (full 0):
 garbage-first heap   total 51200K, used 38283K [0x0000000080a00000, 0x0000000100000000)
  region size 1024K, 19 young (19456K), 3 survivors (3072K)
 Metaspace       used 51157K, committed 51520K, reserved 1097728K
  class space    used 6882K, committed 7040K, reserved 1048576K
}
Event: 4.915 GC heap after
{Heap after GC invocations=13 (full 0):
 garbage-first heap   total 51200K, used 24586K [0x0000000080a00000, 0x0000000100000000)
  region size 1024K, 2 young (2048K), 2 survivors (2048K)
 Metaspace       used 51157K, committed 51520K, reserved 1097728K
  class space    used 6882K, committed 7040K, reserved 1048576K
}
Event: 4.916 GC heap before
{Heap before GC invocations=13 (full 0):
 garbage-first heap   total 51200K, used 25610K [0x0000000080a00000, 0x0000000100000000)
  region size 1024K, 4 young (4096K), 2 survivors (2048K)
 Metaspace       used 51163K, committed 51520K, reserved 1097728K
  class space    used 6883K, committed 7040K, reserved 1048576K
}
Event: 4.918 GC heap after
{Heap after GC invocations=14 (full 0):
 garbage-first heap   total 51200K, used 25031K [0x0000000080a00000, 0x0000000100000000)
  region size 1024K, 3 young (3072K), 3 survivors (3072K)
 Metaspace       used 51163K, committed 51520K, reserved 1097728K
  class space    used 6883K, committed 7040K, reserved 1048576K
}
Event: 4.977 GC heap before
{Heap before GC invocations=14 (full 0):
 garbage-first heap   total 61440K, used 37319K [0x0000000080a00000, 0x0000000100000000)
  region size 1024K, 14 young (14336K), 3 survivors (3072K)
 Metaspace       used 51237K, committed 51584K, reserved 1097728K
  class space    used 6886K, committed 7040K, reserved 1048576K
}
Event: 4.980 GC heap after
{Heap after GC invocations=15 (full 0):
 garbage-first heap   total 73728K, used 27119K [0x0000000080a00000, 0x0000000100000000)
  region size 1024K, 2 young (2048K), 2 survivors (2048K)
 Metaspace       used 51237K, committed 51584K, reserved 1097728K
  class space    used 6886K, committed 7040K, reserved 1048576K
}
Event: 5.092 GC heap before
{Heap before GC invocations=16 (full 0):
 garbage-first heap   total 73728K, used 49647K [0x0000000080a00000, 0x0000000100000000)
  region size 1024K, 23 young (23552K), 2 survivors (2048K)
 Metaspace       used 51287K, committed 51584K, reserved 1097728K
  class space    used 6889K, committed 7040K, reserved 1048576K
}
Event: 5.096 GC heap after
{Heap after GC invocations=17 (full 0):
 garbage-first heap   total 73728K, used 32340K [0x0000000080a00000, 0x0000000100000000)
  region size 1024K, 3 young (3072K), 3 survivors (3072K)
 Metaspace       used 51287K, committed 51584K, reserved 1097728K
  class space    used 6889K, committed 7040K, reserved 1048576K
}
Event: 5.177 GC heap before
{Heap before GC invocations=17 (full 0):
 garbage-first heap   total 73728K, used 51796K [0x0000000080a00000, 0x0000000100000000)
  region size 1024K, 21 young (21504K), 3 survivors (3072K)
 Metaspace       used 51330K, committed 51776K, reserved 1097728K
  class space    used 6898K, committed 7104K, reserved 1048576K
}
Event: 5.180 GC heap after
{Heap after GC invocations=18 (full 0):
 garbage-first heap   total 73728K, used 37029K [0x0000000080a00000, 0x0000000100000000)
  region size 1024K, 3 young (3072K), 3 survivors (3072K)
 Metaspace       used 51330K, committed 51776K, reserved 1097728K
  class space    used 6898K, committed 7104K, reserved 1048576K
}
Event: 5.210 GC heap before
{Heap before GC invocations=18 (full 0):
 garbage-first heap   total 73728K, used 49317K [0x0000000080a00000, 0x0000000100000000)
  region size 1024K, 16 young (16384K), 3 survivors (3072K)
 Metaspace       used 51339K, committed 51776K, reserved 1097728K
  class space    used 6898K, committed 7104K, reserved 1048576K
}
Event: 5.213 GC heap after
{Heap after GC invocations=19 (full 0):
 garbage-first heap   total 73728K, used 40087K [0x0000000080a00000, 0x0000000100000000)
  region size 1024K, 3 young (3072K), 3 survivors (3072K)
 Metaspace       used 51339K, committed 51776K, reserved 1097728K
  class space    used 6898K, committed 7104K, reserved 1048576K
}
Event: 5.297 GC heap before
{Heap before GC invocations=20 (full 0):
 garbage-first heap   total 87040K, used 54423K [0x0000000080a00000, 0x0000000100000000)
  region size 1024K, 17 young (17408K), 3 survivors (3072K)
 Metaspace       used 51392K, committed 51840K, reserved 1097728K
  class space    used 6898K, committed 7104K, reserved 1048576K
}
Event: 5.301 GC heap after
{Heap after GC invocations=21 (full 0):
 garbage-first heap   total 87040K, used 44516K [0x0000000080a00000, 0x0000000100000000)
  region size 1024K, 3 young (3072K), 3 survivors (3072K)
 Metaspace       used 51392K, committed 51840K, reserved 1097728K
  class space    used 6898K, committed 7104K, reserved 1048576K
}
Event: 5.305 GC heap before
{Heap before GC invocations=21 (full 0):
 garbage-first heap   total 87040K, used 46564K [0x0000000080a00000, 0x0000000100000000)
  region size 1024K, 4 young (4096K), 3 survivors (3072K)
 Metaspace       used 51394K, committed 51840K, reserved 1097728K
  class space    used 6898K, committed 7104K, reserved 1048576K
}
Event: 5.308 GC heap after
{Heap after GC invocations=22 (full 0):
 garbage-first heap   total 87040K, used 44703K [0x0000000080a00000, 0x0000000100000000)
  region size 1024K, 1 young (1024K), 1 survivors (1024K)
 Metaspace       used 51394K, committed 51840K, reserved 1097728K
  class space    used 6898K, committed 7104K, reserved 1048576K
}
Event: 5.342 GC heap before
{Heap before GC invocations=22 (full 0):
 garbage-first heap   total 87040K, used 62111K [0x0000000080a00000, 0x0000000100000000)
  region size 1024K, 19 young (19456K), 1 survivors (1024K)
 Metaspace       used 51402K, committed 51840K, reserved 1097728K
  class space    used 6898K, committed 7104K, reserved 1048576K
}
Event: 5.345 GC heap after
{Heap after GC invocations=23 (full 0):
 garbage-first heap   total 192512K, used 47954K [0x0000000080a00000, 0x0000000100000000)
  region size 1024K, 3 young (3072K), 3 survivors (3072K)
 Metaspace       used 51402K, committed 51840K, reserved 1097728K
  class space    used 6898K, committed 7104K, reserved 1048576K
}
Event: 8897.950 GC heap before
{Heap before GC invocations=24 (full 0):
 garbage-first heap   total 184320K, used 120658K [0x0000000080a00000, 0x0000000100000000)
  region size 1024K, 78 young (79872K), 3 survivors (3072K)
 Metaspace       used 59814K, committed 60288K, reserved 1105920K
  class space    used 7940K, committed 8128K, reserved 1048576K
}

